<?xml version="1.0" encoding="UTF-8"?>
<!-- Generated by org.testng.reporters.JUnitXMLReporter -->
<testsuite ignored="0" hostname="Puneet" failures="0" tests="10" name="Surefire test" time="61.143" errors="0" timestamp="2025-07-31T21:01:44 EDT">
  <testcase classname="datadriven.NewTest" name="addressbookTest" time="3.705"/>
  <testcase classname="datadriven.NewTest" name="addressbookTest" time="4.041"/>
  <testcase classname="datadriven.NewTest" name="addressbookTest" time="4.479"/>
  <testcase classname="datadriven.NewTest" name="addressbookTest" time="4.709"/>
  <testcase classname="datadriven.NewTest" name="addressbookTest" time="4.391"/>
  <testcase classname="datadriven.NewTest" name="addressbookTest" time="4.653"/>
  <testcase classname="datadriven.NewTest" name="addressbookTest" time="4.831"/>
  <testcase classname="datadriven.NewTest" name="addressbookTest" time="4.739"/>
  <testcase classname="datadriven.NewTest" name="addressbookTest" time="4.714"/>
  <testcase classname="datadriven.NewTest" name="addressbookTest" time="4.632"/>
</testsuite> <!-- Surefire test -->
