<?xml version="1.0" encoding="UTF-8"?>
<!-- Generated by org.testng.reporters.JUnitXMLReporter -->
<testsuite ignored="0" hostname="Puneet" failures="0" tests="10" name="Default test" time="65.254" errors="0" timestamp="2025-07-31T17:39:21 EDT">
  <testcase classname="datadriven.NewTest" name="addressbookTest" time="4.936"/>
  <testcase classname="datadriven.NewTest" name="addressbookTest" time="5.286"/>
  <testcase classname="datadriven.NewTest" name="addressbookTest" time="4.95"/>
  <testcase classname="datadriven.NewTest" name="addressbookTest" time="5.094"/>
  <testcase classname="datadriven.NewTest" name="addressbookTest" time="5.173"/>
  <testcase classname="datadriven.NewTest" name="addressbookTest" time="4.975"/>
  <testcase classname="datadriven.NewTest" name="addressbookTest" time="4.68"/>
  <testcase classname="datadriven.NewTest" name="addressbookTest" time="4.735"/>
  <testcase classname="datadriven.NewTest" name="addressbookTest" time="4.132"/>
  <testcase classname="datadriven.NewTest" name="addressbookTest" time="4.806"/>
</testsuite> <!-- Default test -->
