<?xml version="1.0" encoding="UTF-8"?>
<testng-results ignored="0" total="10" passed="10" failed="0" skipped="0">
  <reporter-output>
  </reporter-output>
  <suite started-at="2025-07-31T21:00:43 EDT" name="Surefire suite" finished-at="2025-07-31T21:01:44 EDT" duration-ms="61143">
    <groups>
    </groups>
    <test started-at="2025-07-31T21:00:43 EDT" name="Surefire test" finished-at="2025-07-31T21:01:44 EDT" duration-ms="61143">
      <class name="datadriven.NewTest">
        <test-method is-config="true" signature="setup()[pri:0, instance:datadriven.NewTest@7880cdf3]" started-at="2025-07-31T21:00:43 EDT" name="setup" finished-at="2025-07-31T21:00:45 EDT" duration-ms="2661" status="PASS">
          <reporter-output>
          </reporter-output>
        </test-method> <!-- setup -->
        <test-method signature="addressbookTest(java.lang.String,java.lang.String,java.lang.String,java.lang.String,java.lang.String,java.lang.String,java.lang.String,java.lang.String,java.lang.String,java.lang.String,java.lang.String,java.lang.String,java.lang.String,java.lang.String,java.lang.String,java.lang.String,java.lang.String,java.lang.String,java.lang.String,java.lang.String,java.lang.String,java.lang.String,java.lang.String)[pri:0, instance:datadriven.NewTest@7880cdf3]" started-at="2025-07-31T21:00:45 EDT" name="addressbookTest" data-provider="getTestData" finished-at="2025-07-31T21:00:49 EDT" duration-ms="3705" status="PASS">
          <params>
            <param index="0">
              <value>
                <![CDATA[Family]]>
              </value>
            </param>
            <param index="1">
              <value>
                <![CDATA[Katerine]]>
              </value>
            </param>
            <param index="2">
              <value>
                <![CDATA[Stoltenberg]]>
              </value>
            </param>
            <param index="3">
              <value>
                <![CDATA[Hilll LLC]]>
              </value>
            </param>
            <param index="4">
              <value>
                <![CDATA[127 Alba Hills]]>
              </value>
            </param>
            <param index="5">
              <value>
                <![CDATA[Suite 118]]>
              </value>
            </param>
            <param index="6">
              <value>
                <![CDATA[ ]]>
              </value>
            </param>
            <param index="7">
              <value>
                <![CDATA[East Gitaport]]>
              </value>
            </param>
            <param index="8">
              <value>
                <![CDATA[Oklahoma]]>
              </value>
            </param>
            <param index="9">
              <value>
                <![CDATA[Canada]]>
              </value>
            </param>
            <param index="10">
              <value>
                <![CDATA[80099]]>
              </value>
            </param>
            <param index="11">
              <value>
                <![CDATA[neville.ernser@gmail.com]]>
              </value>
            </param>
            <param index="12">
              <value>
                <![CDATA[donna.abshire@yahoo.com]]>
              </value>
            </param>
            <param index="13">
              <value>
                <![CDATA[glynis.friesen@hotmail.com]]>
              </value>
            </param>
            <param index="14">
              <value>
                <![CDATA[Home]]>
              </value>
            </param>
            <param index="15">
              <value>
                <![CDATA[(461) 290-1793]]>
              </value>
            </param>
            <param index="16">
              <value>
                <![CDATA[Mobile]]>
              </value>
            </param>
            <param index="17">
              <value>
                <![CDATA[420-056-3198]]>
              </value>
            </param>
            <param index="18">
              <value>
                <![CDATA[Work]]>
              </value>
            </param>
            <param index="19">
              <value>
                <![CDATA[684.326.2222]]>
              </value>
            </param>
            <param index="20">
              <value>
                <![CDATA[www.delmer-witting.name]]>
              </value>
            </param>
            <param index="21">
              <value>
                <![CDATA[www.earnest-fay.biz]]>
              </value>
            </param>
            <param index="22">
              <value>
                <![CDATA[www.annabel-streich.name]]>
              </value>
            </param>
          </params>
          <reporter-output>
          </reporter-output>
        </test-method> <!-- addressbookTest -->
        <test-method is-config="true" signature="teardown()[pri:0, instance:datadriven.NewTest@7880cdf3]" started-at="2025-07-31T21:00:49 EDT" name="teardown" finished-at="2025-07-31T21:00:49 EDT" duration-ms="295" status="PASS">
          <reporter-output>
          </reporter-output>
        </test-method> <!-- teardown -->
        <test-method is-config="true" signature="setup()[pri:0, instance:datadriven.NewTest@7880cdf3]" started-at="2025-07-31T21:00:49 EDT" name="setup" finished-at="2025-07-31T21:00:51 EDT" duration-ms="1083" status="PASS">
          <reporter-output>
          </reporter-output>
        </test-method> <!-- setup -->
        <test-method signature="addressbookTest(java.lang.String,java.lang.String,java.lang.String,java.lang.String,java.lang.String,java.lang.String,java.lang.String,java.lang.String,java.lang.String,java.lang.String,java.lang.String,java.lang.String,java.lang.String,java.lang.String,java.lang.String,java.lang.String,java.lang.String,java.lang.String,java.lang.String,java.lang.String,java.lang.String,java.lang.String,java.lang.String)[pri:0, instance:datadriven.NewTest@7880cdf3]" started-at="2025-07-31T21:00:51 EDT" name="addressbookTest" data-provider="getTestData" finished-at="2025-07-31T21:00:55 EDT" duration-ms="4041" status="PASS">
          <params>
            <param index="0">
              <value>
                <![CDATA[Family]]>
              </value>
            </param>
            <param index="1">
              <value>
                <![CDATA[Jacinto]]>
              </value>
            </param>
            <param index="2">
              <value>
                <![CDATA[Sawayn]]>
              </value>
            </param>
            <param index="3">
              <value>
                <![CDATA[Kris-Jenkins]]>
              </value>
            </param>
            <param index="4">
              <value>
                <![CDATA[30961 Bobbie Ridge]]>
              </value>
            </param>
            <param index="5">
              <value>
                <![CDATA[Suite 862]]>
              </value>
            </param>
            <param index="6">
              <value>
                <![CDATA[ ]]>
              </value>
            </param>
            <param index="7">
              <value>
                <![CDATA[Flatleybury]]>
              </value>
            </param>
            <param index="8">
              <value>
                <![CDATA[Idaho]]>
              </value>
            </param>
            <param index="9">
              <value>
                <![CDATA[Canada]]>
              </value>
            </param>
            <param index="10">
              <value>
                <![CDATA[77424-6162]]>
              </value>
            </param>
            <param index="11">
              <value>
                <![CDATA[lowell.rolfson@hotmail.com]]>
              </value>
            </param>
            <param index="12">
              <value>
                <![CDATA[caridad.ritchie@hotmail.com]]>
              </value>
            </param>
            <param index="13">
              <value>
                <![CDATA[sheldon.doyle@yahoo.com]]>
              </value>
            </param>
            <param index="14">
              <value>
                <![CDATA[Home]]>
              </value>
            </param>
            <param index="15">
              <value>
                <![CDATA[(380) 222-9730]]>
              </value>
            </param>
            <param index="16">
              <value>
                <![CDATA[Mobile]]>
              </value>
            </param>
            <param index="17">
              <value>
                <![CDATA[(190) 558-0741]]>
              </value>
            </param>
            <param index="18">
              <value>
                <![CDATA[Work]]>
              </value>
            </param>
            <param index="19">
              <value>
                <![CDATA[832.694.7938]]>
              </value>
            </param>
            <param index="20">
              <value>
                <![CDATA[www.mason-bailey.name]]>
              </value>
            </param>
            <param index="21">
              <value>
                <![CDATA[www.terrance-cummerata.info]]>
              </value>
            </param>
            <param index="22">
              <value>
                <![CDATA[www.donnetta-ferry.com]]>
              </value>
            </param>
          </params>
          <reporter-output>
          </reporter-output>
        </test-method> <!-- addressbookTest -->
        <test-method is-config="true" signature="teardown()[pri:0, instance:datadriven.NewTest@7880cdf3]" started-at="2025-07-31T21:00:55 EDT" name="teardown" finished-at="2025-07-31T21:00:55 EDT" duration-ms="260" status="PASS">
          <reporter-output>
          </reporter-output>
        </test-method> <!-- teardown -->
        <test-method is-config="true" signature="setup()[pri:0, instance:datadriven.NewTest@7880cdf3]" started-at="2025-07-31T21:00:55 EDT" name="setup" finished-at="2025-07-31T21:00:56 EDT" duration-ms="1118" status="PASS">
          <reporter-output>
          </reporter-output>
        </test-method> <!-- setup -->
        <test-method signature="addressbookTest(java.lang.String,java.lang.String,java.lang.String,java.lang.String,java.lang.String,java.lang.String,java.lang.String,java.lang.String,java.lang.String,java.lang.String,java.lang.String,java.lang.String,java.lang.String,java.lang.String,java.lang.String,java.lang.String,java.lang.String,java.lang.String,java.lang.String,java.lang.String,java.lang.String,java.lang.String,java.lang.String)[pri:0, instance:datadriven.NewTest@7880cdf3]" started-at="2025-07-31T21:00:56 EDT" name="addressbookTest" data-provider="getTestData" finished-at="2025-07-31T21:01:00 EDT" duration-ms="4479" status="PASS">
          <params>
            <param index="0">
              <value>
                <![CDATA[Family]]>
              </value>
            </param>
            <param index="1">
              <value>
                <![CDATA[Derrick]]>
              </value>
            </param>
            <param index="2">
              <value>
                <![CDATA[Zieme]]>
              </value>
            </param>
            <param index="3">
              <value>
                <![CDATA[Larson and Sons]]>
              </value>
            </param>
            <param index="4">
              <value>
                <![CDATA[3450 Kautzer Port]]>
              </value>
            </param>
            <param index="5">
              <value>
                <![CDATA[Suite 328]]>
              </value>
            </param>
            <param index="6">
              <value>
                <![CDATA[ ]]>
              </value>
            </param>
            <param index="7">
              <value>
                <![CDATA[Cristopherborough]]>
              </value>
            </param>
            <param index="8">
              <value>
                <![CDATA[Delaware]]>
              </value>
            </param>
            <param index="9">
              <value>
                <![CDATA[Canada]]>
              </value>
            </param>
            <param index="10">
              <value>
                <![CDATA[72397-9664]]>
              </value>
            </param>
            <param index="11">
              <value>
                <![CDATA[cecil.mcdermott@hotmail.com]]>
              </value>
            </param>
            <param index="12">
              <value>
                <![CDATA[roosevelt.rogahn@gmail.com]]>
              </value>
            </param>
            <param index="13">
              <value>
                <![CDATA[toby.weber@hotmail.com]]>
              </value>
            </param>
            <param index="14">
              <value>
                <![CDATA[Home]]>
              </value>
            </param>
            <param index="15">
              <value>
                <![CDATA[1-384-181-4969]]>
              </value>
            </param>
            <param index="16">
              <value>
                <![CDATA[Mobile]]>
              </value>
            </param>
            <param index="17">
              <value>
                <![CDATA[1-435-876-6911]]>
              </value>
            </param>
            <param index="18">
              <value>
                <![CDATA[Work]]>
              </value>
            </param>
            <param index="19">
              <value>
                <![CDATA[1-203-747-2700 x040]]>
              </value>
            </param>
            <param index="20">
              <value>
                <![CDATA[www.charise-orn.net]]>
              </value>
            </param>
            <param index="21">
              <value>
                <![CDATA[www.irvin-abernathy.io]]>
              </value>
            </param>
            <param index="22">
              <value>
                <![CDATA[www.piper-spinka.name]]>
              </value>
            </param>
          </params>
          <reporter-output>
          </reporter-output>
        </test-method> <!-- addressbookTest -->
        <test-method is-config="true" signature="teardown()[pri:0, instance:datadriven.NewTest@7880cdf3]" started-at="2025-07-31T21:01:00 EDT" name="teardown" finished-at="2025-07-31T21:01:01 EDT" duration-ms="357" status="PASS">
          <reporter-output>
          </reporter-output>
        </test-method> <!-- teardown -->
        <test-method is-config="true" signature="setup()[pri:0, instance:datadriven.NewTest@7880cdf3]" started-at="2025-07-31T21:01:01 EDT" name="setup" finished-at="2025-07-31T21:01:02 EDT" duration-ms="1100" status="PASS">
          <reporter-output>
          </reporter-output>
        </test-method> <!-- setup -->
        <test-method signature="addressbookTest(java.lang.String,java.lang.String,java.lang.String,java.lang.String,java.lang.String,java.lang.String,java.lang.String,java.lang.String,java.lang.String,java.lang.String,java.lang.String,java.lang.String,java.lang.String,java.lang.String,java.lang.String,java.lang.String,java.lang.String,java.lang.String,java.lang.String,java.lang.String,java.lang.String,java.lang.String,java.lang.String)[pri:0, instance:datadriven.NewTest@7880cdf3]" started-at="2025-07-31T21:01:02 EDT" name="addressbookTest" data-provider="getTestData" finished-at="2025-07-31T21:01:07 EDT" duration-ms="4709" status="PASS">
          <params>
            <param index="0">
              <value>
                <![CDATA[Family]]>
              </value>
            </param>
            <param index="1">
              <value>
                <![CDATA[Allen]]>
              </value>
            </param>
            <param index="2">
              <value>
                <![CDATA[Langosh]]>
              </value>
            </param>
            <param index="3">
              <value>
                <![CDATA[Pacocha Inc]]>
              </value>
            </param>
            <param index="4">
              <value>
                <![CDATA[04917 Wintheiser Fall]]>
              </value>
            </param>
            <param index="5">
              <value>
                <![CDATA[Suite 073]]>
              </value>
            </param>
            <param index="6">
              <value>
                <![CDATA[ ]]>
              </value>
            </param>
            <param index="7">
              <value>
                <![CDATA[North Pearlystad]]>
              </value>
            </param>
            <param index="8">
              <value>
                <![CDATA[West Virginia]]>
              </value>
            </param>
            <param index="9">
              <value>
                <![CDATA[Canada]]>
              </value>
            </param>
            <param index="10">
              <value>
                <![CDATA[59918-2154]]>
              </value>
            </param>
            <param index="11">
              <value>
                <![CDATA[jack.zulauf@gmail.com]]>
              </value>
            </param>
            <param index="12">
              <value>
                <![CDATA[nelda.dach@hotmail.com]]>
              </value>
            </param>
            <param index="13">
              <value>
                <![CDATA[lucilla.lehner@yahoo.com]]>
              </value>
            </param>
            <param index="14">
              <value>
                <![CDATA[Home]]>
              </value>
            </param>
            <param index="15">
              <value>
                <![CDATA[071-596-1483]]>
              </value>
            </param>
            <param index="16">
              <value>
                <![CDATA[Mobile]]>
              </value>
            </param>
            <param index="17">
              <value>
                <![CDATA[1-367-981-2224]]>
              </value>
            </param>
            <param index="18">
              <value>
                <![CDATA[Work]]>
              </value>
            </param>
            <param index="19">
              <value>
                <![CDATA[212-197-4061 x89877]]>
              </value>
            </param>
            <param index="20">
              <value>
                <![CDATA[www.lorilee-howell.co]]>
              </value>
            </param>
            <param index="21">
              <value>
                <![CDATA[www.jarvis-oberbrunner.biz]]>
              </value>
            </param>
            <param index="22">
              <value>
                <![CDATA[www.sidney-beatty.co]]>
              </value>
            </param>
          </params>
          <reporter-output>
          </reporter-output>
        </test-method> <!-- addressbookTest -->
        <test-method is-config="true" signature="teardown()[pri:0, instance:datadriven.NewTest@7880cdf3]" started-at="2025-07-31T21:01:07 EDT" name="teardown" finished-at="2025-07-31T21:01:07 EDT" duration-ms="308" status="PASS">
          <reporter-output>
          </reporter-output>
        </test-method> <!-- teardown -->
        <test-method is-config="true" signature="setup()[pri:0, instance:datadriven.NewTest@7880cdf3]" started-at="2025-07-31T21:01:07 EDT" name="setup" finished-at="2025-07-31T21:01:08 EDT" duration-ms="1062" status="PASS">
          <reporter-output>
          </reporter-output>
        </test-method> <!-- setup -->
        <test-method signature="addressbookTest(java.lang.String,java.lang.String,java.lang.String,java.lang.String,java.lang.String,java.lang.String,java.lang.String,java.lang.String,java.lang.String,java.lang.String,java.lang.String,java.lang.String,java.lang.String,java.lang.String,java.lang.String,java.lang.String,java.lang.String,java.lang.String,java.lang.String,java.lang.String,java.lang.String,java.lang.String,java.lang.String)[pri:0, instance:datadriven.NewTest@7880cdf3]" started-at="2025-07-31T21:01:08 EDT" name="addressbookTest" data-provider="getTestData" finished-at="2025-07-31T21:01:12 EDT" duration-ms="4391" status="PASS">
          <params>
            <param index="0">
              <value>
                <![CDATA[Family]]>
              </value>
            </param>
            <param index="1">
              <value>
                <![CDATA[Erma]]>
              </value>
            </param>
            <param index="2">
              <value>
                <![CDATA[McLaughlin]]>
              </value>
            </param>
            <param index="3">
              <value>
                <![CDATA[Abernathy-Feest]]>
              </value>
            </param>
            <param index="4">
              <value>
                <![CDATA[555 Jonelle Freeway]]>
              </value>
            </param>
            <param index="5">
              <value>
                <![CDATA[Apt. 941]]>
              </value>
            </param>
            <param index="6">
              <value>
                <![CDATA[ ]]>
              </value>
            </param>
            <param index="7">
              <value>
                <![CDATA[Pasqualeberg]]>
              </value>
            </param>
            <param index="8">
              <value>
                <![CDATA[California]]>
              </value>
            </param>
            <param index="9">
              <value>
                <![CDATA[Canada]]>
              </value>
            </param>
            <param index="10">
              <value>
                <![CDATA[99413]]>
              </value>
            </param>
            <param index="11">
              <value>
                <![CDATA[willette.crist@hotmail.com]]>
              </value>
            </param>
            <param index="12">
              <value>
                <![CDATA[roosevelt.marquardt@yahoo.com]]>
              </value>
            </param>
            <param index="13">
              <value>
                <![CDATA[fleta.oconner@gmail.com]]>
              </value>
            </param>
            <param index="14">
              <value>
                <![CDATA[Home]]>
              </value>
            </param>
            <param index="15">
              <value>
                <![CDATA[(231) 604-4832]]>
              </value>
            </param>
            <param index="16">
              <value>
                <![CDATA[Mobile]]>
              </value>
            </param>
            <param index="17">
              <value>
                <![CDATA[168-139-2421]]>
              </value>
            </param>
            <param index="18">
              <value>
                <![CDATA[Work]]>
              </value>
            </param>
            <param index="19">
              <value>
                <![CDATA[(709) 950-1725]]>
              </value>
            </param>
            <param index="20">
              <value>
                <![CDATA[www.frank-medhurst.info]]>
              </value>
            </param>
            <param index="21">
              <value>
                <![CDATA[www.charles-bosco.io]]>
              </value>
            </param>
            <param index="22">
              <value>
                <![CDATA[www.luvenia-kemmer.biz]]>
              </value>
            </param>
          </params>
          <reporter-output>
          </reporter-output>
        </test-method> <!-- addressbookTest -->
        <test-method is-config="true" signature="teardown()[pri:0, instance:datadriven.NewTest@7880cdf3]" started-at="2025-07-31T21:01:12 EDT" name="teardown" finished-at="2025-07-31T21:01:13 EDT" duration-ms="432" status="PASS">
          <reporter-output>
          </reporter-output>
        </test-method> <!-- teardown -->
        <test-method is-config="true" signature="setup()[pri:0, instance:datadriven.NewTest@7880cdf3]" started-at="2025-07-31T21:01:13 EDT" name="setup" finished-at="2025-07-31T21:01:14 EDT" duration-ms="1034" status="PASS">
          <reporter-output>
          </reporter-output>
        </test-method> <!-- setup -->
        <test-method signature="addressbookTest(java.lang.String,java.lang.String,java.lang.String,java.lang.String,java.lang.String,java.lang.String,java.lang.String,java.lang.String,java.lang.String,java.lang.String,java.lang.String,java.lang.String,java.lang.String,java.lang.String,java.lang.String,java.lang.String,java.lang.String,java.lang.String,java.lang.String,java.lang.String,java.lang.String,java.lang.String,java.lang.String)[pri:0, instance:datadriven.NewTest@7880cdf3]" started-at="2025-07-31T21:01:14 EDT" name="addressbookTest" data-provider="getTestData" finished-at="2025-07-31T21:01:19 EDT" duration-ms="4653" status="PASS">
          <params>
            <param index="0">
              <value>
                <![CDATA[Family]]>
              </value>
            </param>
            <param index="1">
              <value>
                <![CDATA[Jewell]]>
              </value>
            </param>
            <param index="2">
              <value>
                <![CDATA[Balistreri]]>
              </value>
            </param>
            <param index="3">
              <value>
                <![CDATA[Thiel-Wunsch]]>
              </value>
            </param>
            <param index="4">
              <value>
                <![CDATA[269 Ramon Way]]>
              </value>
            </param>
            <param index="5">
              <value>
                <![CDATA[Suite 253]]>
              </value>
            </param>
            <param index="6">
              <value>
                <![CDATA[ ]]>
              </value>
            </param>
            <param index="7">
              <value>
                <![CDATA[New Robt]]>
              </value>
            </param>
            <param index="8">
              <value>
                <![CDATA[Nebraska]]>
              </value>
            </param>
            <param index="9">
              <value>
                <![CDATA[Canada]]>
              </value>
            </param>
            <param index="10">
              <value>
                <![CDATA[55503]]>
              </value>
            </param>
            <param index="11">
              <value>
                <![CDATA[lida.deckow@gmail.com]]>
              </value>
            </param>
            <param index="12">
              <value>
                <![CDATA[chung.kertzmann@gmail.com]]>
              </value>
            </param>
            <param index="13">
              <value>
                <![CDATA[carleen.fisher@gmail.com]]>
              </value>
            </param>
            <param index="14">
              <value>
                <![CDATA[Home]]>
              </value>
            </param>
            <param index="15">
              <value>
                <![CDATA[252.433.9757]]>
              </value>
            </param>
            <param index="16">
              <value>
                <![CDATA[Mobile]]>
              </value>
            </param>
            <param index="17">
              <value>
                <![CDATA[744-527-3145]]>
              </value>
            </param>
            <param index="18">
              <value>
                <![CDATA[Work]]>
              </value>
            </param>
            <param index="19">
              <value>
                <![CDATA[275.608.1569 x8621]]>
              </value>
            </param>
            <param index="20">
              <value>
                <![CDATA[www.meridith-dooley.com]]>
              </value>
            </param>
            <param index="21">
              <value>
                <![CDATA[www.gaye-robel.net]]>
              </value>
            </param>
            <param index="22">
              <value>
                <![CDATA[www.ilana-effertz.name]]>
              </value>
            </param>
          </params>
          <reporter-output>
          </reporter-output>
        </test-method> <!-- addressbookTest -->
        <test-method is-config="true" signature="teardown()[pri:0, instance:datadriven.NewTest@7880cdf3]" started-at="2025-07-31T21:01:19 EDT" name="teardown" finished-at="2025-07-31T21:01:19 EDT" duration-ms="321" status="PASS">
          <reporter-output>
          </reporter-output>
        </test-method> <!-- teardown -->
        <test-method is-config="true" signature="setup()[pri:0, instance:datadriven.NewTest@7880cdf3]" started-at="2025-07-31T21:01:19 EDT" name="setup" finished-at="2025-07-31T21:01:20 EDT" duration-ms="1163" status="PASS">
          <reporter-output>
          </reporter-output>
        </test-method> <!-- setup -->
        <test-method signature="addressbookTest(java.lang.String,java.lang.String,java.lang.String,java.lang.String,java.lang.String,java.lang.String,java.lang.String,java.lang.String,java.lang.String,java.lang.String,java.lang.String,java.lang.String,java.lang.String,java.lang.String,java.lang.String,java.lang.String,java.lang.String,java.lang.String,java.lang.String,java.lang.String,java.lang.String,java.lang.String,java.lang.String)[pri:0, instance:datadriven.NewTest@7880cdf3]" started-at="2025-07-31T21:01:20 EDT" name="addressbookTest" data-provider="getTestData" finished-at="2025-07-31T21:01:25 EDT" duration-ms="4831" status="PASS">
          <params>
            <param index="0">
              <value>
                <![CDATA[Family]]>
              </value>
            </param>
            <param index="1">
              <value>
                <![CDATA[Lincoln]]>
              </value>
            </param>
            <param index="2">
              <value>
                <![CDATA[Frami]]>
              </value>
            </param>
            <param index="3">
              <value>
                <![CDATA[Parisian Group]]>
              </value>
            </param>
            <param index="4">
              <value>
                <![CDATA[22083 Dee Lodge]]>
              </value>
            </param>
            <param index="5">
              <value>
                <![CDATA[Suite 873]]>
              </value>
            </param>
            <param index="6">
              <value>
                <![CDATA[ ]]>
              </value>
            </param>
            <param index="7">
              <value>
                <![CDATA[Corlissside]]>
              </value>
            </param>
            <param index="8">
              <value>
                <![CDATA[South Dakota]]>
              </value>
            </param>
            <param index="9">
              <value>
                <![CDATA[Canada]]>
              </value>
            </param>
            <param index="10">
              <value>
                <![CDATA[28892-3135]]>
              </value>
            </param>
            <param index="11">
              <value>
                <![CDATA[tyrone.paucek@yahoo.com]]>
              </value>
            </param>
            <param index="12">
              <value>
                <![CDATA[stephen.heidenreich@yahoo.com]]>
              </value>
            </param>
            <param index="13">
              <value>
                <![CDATA[mathew.ratke@hotmail.com]]>
              </value>
            </param>
            <param index="14">
              <value>
                <![CDATA[Home]]>
              </value>
            </param>
            <param index="15">
              <value>
                <![CDATA[(898) 561-3863]]>
              </value>
            </param>
            <param index="16">
              <value>
                <![CDATA[Mobile]]>
              </value>
            </param>
            <param index="17">
              <value>
                <![CDATA[950.790.5504]]>
              </value>
            </param>
            <param index="18">
              <value>
                <![CDATA[Work]]>
              </value>
            </param>
            <param index="19">
              <value>
                <![CDATA[065-756-8431]]>
              </value>
            </param>
            <param index="20">
              <value>
                <![CDATA[www.rolanda-thiel.com]]>
              </value>
            </param>
            <param index="21">
              <value>
                <![CDATA[www.kayleigh-franecki.co]]>
              </value>
            </param>
            <param index="22">
              <value>
                <![CDATA[www.sherice-stehr.io]]>
              </value>
            </param>
          </params>
          <reporter-output>
          </reporter-output>
        </test-method> <!-- addressbookTest -->
        <test-method is-config="true" signature="teardown()[pri:0, instance:datadriven.NewTest@7880cdf3]" started-at="2025-07-31T21:01:25 EDT" name="teardown" finished-at="2025-07-31T21:01:25 EDT" duration-ms="385" status="PASS">
          <reporter-output>
          </reporter-output>
        </test-method> <!-- teardown -->
        <test-method is-config="true" signature="setup()[pri:0, instance:datadriven.NewTest@7880cdf3]" started-at="2025-07-31T21:01:25 EDT" name="setup" finished-at="2025-07-31T21:01:26 EDT" duration-ms="1234" status="PASS">
          <reporter-output>
          </reporter-output>
        </test-method> <!-- setup -->
        <test-method signature="addressbookTest(java.lang.String,java.lang.String,java.lang.String,java.lang.String,java.lang.String,java.lang.String,java.lang.String,java.lang.String,java.lang.String,java.lang.String,java.lang.String,java.lang.String,java.lang.String,java.lang.String,java.lang.String,java.lang.String,java.lang.String,java.lang.String,java.lang.String,java.lang.String,java.lang.String,java.lang.String,java.lang.String)[pri:0, instance:datadriven.NewTest@7880cdf3]" started-at="2025-07-31T21:01:26 EDT" name="addressbookTest" data-provider="getTestData" finished-at="2025-07-31T21:01:31 EDT" duration-ms="4739" status="PASS">
          <params>
            <param index="0">
              <value>
                <![CDATA[Family]]>
              </value>
            </param>
            <param index="1">
              <value>
                <![CDATA[Stanford]]>
              </value>
            </param>
            <param index="2">
              <value>
                <![CDATA[Block]]>
              </value>
            </param>
            <param index="3">
              <value>
                <![CDATA[Waelchi LLC]]>
              </value>
            </param>
            <param index="4">
              <value>
                <![CDATA[63618 Brendon Squares]]>
              </value>
            </param>
            <param index="5">
              <value>
                <![CDATA[Apt. 683]]>
              </value>
            </param>
            <param index="6">
              <value>
                <![CDATA[ ]]>
              </value>
            </param>
            <param index="7">
              <value>
                <![CDATA[Lake Steven]]>
              </value>
            </param>
            <param index="8">
              <value>
                <![CDATA[Missouri]]>
              </value>
            </param>
            <param index="9">
              <value>
                <![CDATA[Canada]]>
              </value>
            </param>
            <param index="10">
              <value>
                <![CDATA[73181]]>
              </value>
            </param>
            <param index="11">
              <value>
                <![CDATA[cyrus.gutkowski@gmail.com]]>
              </value>
            </param>
            <param index="12">
              <value>
                <![CDATA[lowell.streich@yahoo.com]]>
              </value>
            </param>
            <param index="13">
              <value>
                <![CDATA[emory.block@yahoo.com]]>
              </value>
            </param>
            <param index="14">
              <value>
                <![CDATA[Home]]>
              </value>
            </param>
            <param index="15">
              <value>
                <![CDATA[697-081-4550]]>
              </value>
            </param>
            <param index="16">
              <value>
                <![CDATA[Mobile]]>
              </value>
            </param>
            <param index="17">
              <value>
                <![CDATA[524.875.5189]]>
              </value>
            </param>
            <param index="18">
              <value>
                <![CDATA[Work]]>
              </value>
            </param>
            <param index="19">
              <value>
                <![CDATA[(544) 662-0451 x577]]>
              </value>
            </param>
            <param index="20">
              <value>
                <![CDATA[www.trent-murazik.net]]>
              </value>
            </param>
            <param index="21">
              <value>
                <![CDATA[www.eugenie-waelchi.com]]>
              </value>
            </param>
            <param index="22">
              <value>
                <![CDATA[www.marylou-kihn.com]]>
              </value>
            </param>
          </params>
          <reporter-output>
          </reporter-output>
        </test-method> <!-- addressbookTest -->
        <test-method is-config="true" signature="teardown()[pri:0, instance:datadriven.NewTest@7880cdf3]" started-at="2025-07-31T21:01:31 EDT" name="teardown" finished-at="2025-07-31T21:01:32 EDT" duration-ms="319" status="PASS">
          <reporter-output>
          </reporter-output>
        </test-method> <!-- teardown -->
        <test-method is-config="true" signature="setup()[pri:0, instance:datadriven.NewTest@7880cdf3]" started-at="2025-07-31T21:01:32 EDT" name="setup" finished-at="2025-07-31T21:01:33 EDT" duration-ms="1153" status="PASS">
          <reporter-output>
          </reporter-output>
        </test-method> <!-- setup -->
        <test-method signature="addressbookTest(java.lang.String,java.lang.String,java.lang.String,java.lang.String,java.lang.String,java.lang.String,java.lang.String,java.lang.String,java.lang.String,java.lang.String,java.lang.String,java.lang.String,java.lang.String,java.lang.String,java.lang.String,java.lang.String,java.lang.String,java.lang.String,java.lang.String,java.lang.String,java.lang.String,java.lang.String,java.lang.String)[pri:0, instance:datadriven.NewTest@7880cdf3]" started-at="2025-07-31T21:01:33 EDT" name="addressbookTest" data-provider="getTestData" finished-at="2025-07-31T21:01:37 EDT" duration-ms="4714" status="PASS">
          <params>
            <param index="0">
              <value>
                <![CDATA[Family]]>
              </value>
            </param>
            <param index="1">
              <value>
                <![CDATA[Ariel]]>
              </value>
            </param>
            <param index="2">
              <value>
                <![CDATA[Keebler]]>
              </value>
            </param>
            <param index="3">
              <value>
                <![CDATA[Stoltenberg LLC]]>
              </value>
            </param>
            <param index="4">
              <value>
                <![CDATA[79953 Bailey Divide]]>
              </value>
            </param>
            <param index="5">
              <value>
                <![CDATA[Apt. 790]]>
              </value>
            </param>
            <param index="6">
              <value>
                <![CDATA[ ]]>
              </value>
            </param>
            <param index="7">
              <value>
                <![CDATA[North Elroy]]>
              </value>
            </param>
            <param index="8">
              <value>
                <![CDATA[Vermont]]>
              </value>
            </param>
            <param index="9">
              <value>
                <![CDATA[Canada]]>
              </value>
            </param>
            <param index="10">
              <value>
                <![CDATA[68957-9612]]>
              </value>
            </param>
            <param index="11">
              <value>
                <![CDATA[jim.lang@yahoo.com]]>
              </value>
            </param>
            <param index="12">
              <value>
                <![CDATA[carry.pagac@yahoo.com]]>
              </value>
            </param>
            <param index="13">
              <value>
                <![CDATA[allen.pagac@hotmail.com]]>
              </value>
            </param>
            <param index="14">
              <value>
                <![CDATA[Home]]>
              </value>
            </param>
            <param index="15">
              <value>
                <![CDATA[1-558-051-7309]]>
              </value>
            </param>
            <param index="16">
              <value>
                <![CDATA[Mobile]]>
              </value>
            </param>
            <param index="17">
              <value>
                <![CDATA[231-624-8492]]>
              </value>
            </param>
            <param index="18">
              <value>
                <![CDATA[Work]]>
              </value>
            </param>
            <param index="19">
              <value>
                <![CDATA[423-091-8126 x07842]]>
              </value>
            </param>
            <param index="20">
              <value>
                <![CDATA[www.blair-mccullough.com]]>
              </value>
            </param>
            <param index="21">
              <value>
                <![CDATA[www.kindra-kohler.name]]>
              </value>
            </param>
            <param index="22">
              <value>
                <![CDATA[www.blondell-mayer.co]]>
              </value>
            </param>
          </params>
          <reporter-output>
          </reporter-output>
        </test-method> <!-- addressbookTest -->
        <test-method is-config="true" signature="teardown()[pri:0, instance:datadriven.NewTest@7880cdf3]" started-at="2025-07-31T21:01:37 EDT" name="teardown" finished-at="2025-07-31T21:01:38 EDT" duration-ms="311" status="PASS">
          <reporter-output>
          </reporter-output>
        </test-method> <!-- teardown -->
        <test-method is-config="true" signature="setup()[pri:0, instance:datadriven.NewTest@7880cdf3]" started-at="2025-07-31T21:01:38 EDT" name="setup" finished-at="2025-07-31T21:01:39 EDT" duration-ms="1159" status="PASS">
          <reporter-output>
          </reporter-output>
        </test-method> <!-- setup -->
        <test-method signature="addressbookTest(java.lang.String,java.lang.String,java.lang.String,java.lang.String,java.lang.String,java.lang.String,java.lang.String,java.lang.String,java.lang.String,java.lang.String,java.lang.String,java.lang.String,java.lang.String,java.lang.String,java.lang.String,java.lang.String,java.lang.String,java.lang.String,java.lang.String,java.lang.String,java.lang.String,java.lang.String,java.lang.String)[pri:0, instance:datadriven.NewTest@7880cdf3]" started-at="2025-07-31T21:01:39 EDT" name="addressbookTest" data-provider="getTestData" finished-at="2025-07-31T21:01:44 EDT" duration-ms="4632" status="PASS">
          <params>
            <param index="0">
              <value>
                <![CDATA[Family]]>
              </value>
            </param>
            <param index="1">
              <value>
                <![CDATA[Everette]]>
              </value>
            </param>
            <param index="2">
              <value>
                <![CDATA[Waelchi]]>
              </value>
            </param>
            <param index="3">
              <value>
                <![CDATA[CarterOsinski and Sipes]]>
              </value>
            </param>
            <param index="4">
              <value>
                <![CDATA[5074 Dibbert Bypass]]>
              </value>
            </param>
            <param index="5">
              <value>
                <![CDATA[Suite 863]]>
              </value>
            </param>
            <param index="6">
              <value>
                <![CDATA[]]>
              </value>
            </param>
            <param index="7">
              <value>
                <![CDATA[West Deweyborough]]>
              </value>
            </param>
            <param index="8">
              <value>
                <![CDATA[Ohio]]>
              </value>
            </param>
            <param index="9">
              <value>
                <![CDATA[Canada]]>
              </value>
            </param>
            <param index="10">
              <value>
                <![CDATA[00595-8427]]>
              </value>
            </param>
            <param index="11">
              <value>
                <![CDATA[darlene.kilback@gmail.com]]>
              </value>
            </param>
            <param index="12">
              <value>
                <![CDATA[jerrold.kub@gmail.com]]>
              </value>
            </param>
            <param index="13">
              <value>
                <![CDATA[dean.johnson@gmail.com]]>
              </value>
            </param>
            <param index="14">
              <value>
                <![CDATA[Home]]>
              </value>
            </param>
            <param index="15">
              <value>
                <![CDATA[(182) 886-7337]]>
              </value>
            </param>
            <param index="16">
              <value>
                <![CDATA[Mobile]]>
              </value>
            </param>
            <param index="17">
              <value>
                <![CDATA[1-320-830-5619]]>
              </value>
            </param>
            <param index="18">
              <value>
                <![CDATA[Work]]>
              </value>
            </param>
            <param index="19">
              <value>
                <![CDATA[050.928.1674 x433]]>
              </value>
            </param>
            <param index="20">
              <value>
                <![CDATA[www.arden-hodkiewicz.co]]>
              </value>
            </param>
            <param index="21">
              <value>
                <![CDATA[www.lee-kihn.com]]>
              </value>
            </param>
            <param index="22">
              <value>
                <![CDATA[www.norberto-hudson.name]]>
              </value>
            </param>
          </params>
          <reporter-output>
          </reporter-output>
        </test-method> <!-- addressbookTest -->
        <test-method is-config="true" signature="teardown()[pri:0, instance:datadriven.NewTest@7880cdf3]" started-at="2025-07-31T21:01:44 EDT" name="teardown" finished-at="2025-07-31T21:01:44 EDT" duration-ms="347" status="PASS">
          <reporter-output>
          </reporter-output>
        </test-method> <!-- teardown -->
      </class> <!-- datadriven.NewTest -->
    </test> <!-- Surefire test -->
  </suite> <!-- Surefire suite -->
</testng-results>
