<?xml version="1.0" encoding="UTF-8"?>
<testsuite xmlns:xsi="http://www.w3.org/2001/XMLSchema-instance" xsi:noNamespaceSchemaLocation="https://maven.apache.org/surefire/maven-surefire-plugin/xsd/surefire-test-report-3.0.xsd" version="3.0" name="datadriven.NewTest" time="62.083" tests="10" errors="0" skipped="0" failures="0">
  <properties>
[...]
</properties>
  <testcase name="addressbookTest[Family, Katerine, Stoltenberg, Hilll LLC, 127 Alba Hills, Suite 118,  , East Gitaport, Oklahoma, Canada, 80099, neville.ernser@gmail.com, donna.abshire@yahoo.com, glynis.friesen@hotmail.com, Home, (461) 290-1793, Mobile, 420-056-3198, Work, 684.326.2222, www.delmer-witting.name, www.earnest-fay.biz, www.annabel-streich.name](1)" classname="datadriven.NewTest" time="3.702">
    <system-out><![CDATA[Page title is: Address Book
//////////////////////////////////////////////
]]></system-out>
    <system-err><![CDATA[SLF4J: Failed to load class "org.slf4j.impl.StaticLoggerBinder".
SLF4J: Defaulting to no-operation (NOP) logger implementation
SLF4J: See http://www.slf4j.org/codes.html#StaticLoggerBinder for further details.
ERROR StatusLogger Log4j2 could not find a logging implementation. Please add log4j-core to the classpath. Using SimpleLogger to log to the console...
Jul 31, 2025 9:00:45 PM org.openqa.selenium.devtools.CdpVersionFinder findNearestMatch
WARNING: Unable to find CDP implementation matching 138
Jul 31, 2025 9:00:45 PM org.openqa.selenium.chromium.ChromiumDriver lambda$new$5
WARNING: Unable to find version of CDP to use for 138.0.7204.170. You may need to include a dependency on a specific version of the CDP using something similar to `org.seleniumhq.selenium:selenium-devtools-v86:4.11.0` where the version ("v86") matches the version of the chromium-based browser you're using and the version number of the artifact is the same as Selenium's.
]]></system-err>
  </testcase>
  <testcase name="addressbookTest[Family, Jacinto, Sawayn, Kris-Jenkins, 30961 Bobbie Ridge, Suite 862,  , Flatleybury, Idaho, Canada, 77424-6162, lowell.rolfson@hotmail.com, caridad.ritchie@hotmail.com, sheldon.doyle@yahoo.com, Home, (380) 222-9730, Mobile, (190) 558-0741, Work, 832.694.7938, www.mason-bailey.name, www.terrance-cummerata.info, www.donnetta-ferry.com](2)" classname="datadriven.NewTest" time="4.039">
    <system-out><![CDATA[Page title is: Address Book
//////////////////////////////////////////////
]]></system-out>
    <system-err><![CDATA[Jul 31, 2025 9:00:50 PM org.openqa.selenium.devtools.CdpVersionFinder findNearestMatch
WARNING: Unable to find CDP implementation matching 138
Jul 31, 2025 9:00:50 PM org.openqa.selenium.chromium.ChromiumDriver lambda$new$5
WARNING: Unable to find version of CDP to use for 138.0.7204.170. You may need to include a dependency on a specific version of the CDP using something similar to `org.seleniumhq.selenium:selenium-devtools-v86:4.11.0` where the version ("v86") matches the version of the chromium-based browser you're using and the version number of the artifact is the same as Selenium's.
]]></system-err>
  </testcase>
  <testcase name="addressbookTest[Family, Derrick, Zieme, Larson and Sons, 3450 Kautzer Port, Suite 328,  , Cristopherborough, Delaware, Canada, 72397-9664, cecil.mcdermott@hotmail.com, roosevelt.rogahn@gmail.com, toby.weber@hotmail.com, Home, 1-384-181-4969, Mobile, 1-435-876-6911, Work, 1-203-747-2700 x040, www.charise-orn.net, www.irvin-abernathy.io, www.piper-spinka.name](3)" classname="datadriven.NewTest" time="4.478">
    <system-out><![CDATA[Page title is: Address Book
//////////////////////////////////////////////
]]></system-out>
    <system-err><![CDATA[Jul 31, 2025 9:00:56 PM org.openqa.selenium.devtools.CdpVersionFinder findNearestMatch
WARNING: Unable to find CDP implementation matching 138
Jul 31, 2025 9:00:56 PM org.openqa.selenium.chromium.ChromiumDriver lambda$new$5
WARNING: Unable to find version of CDP to use for 138.0.7204.170. You may need to include a dependency on a specific version of the CDP using something similar to `org.seleniumhq.selenium:selenium-devtools-v86:4.11.0` where the version ("v86") matches the version of the chromium-based browser you're using and the version number of the artifact is the same as Selenium's.
]]></system-err>
  </testcase>
  <testcase name="addressbookTest[Family, Allen, Langosh, Pacocha Inc, 04917 Wintheiser Fall, Suite 073,  , North Pearlystad, West Virginia, Canada, 59918-2154, jack.zulauf@gmail.com, nelda.dach@hotmail.com, lucilla.lehner@yahoo.com, Home, 071-596-1483, Mobile, 1-367-981-2224, Work, 212-197-4061 x89877, www.lorilee-howell.co, www.jarvis-oberbrunner.biz, www.sidney-beatty.co](4)" classname="datadriven.NewTest" time="4.707">
    <system-out><![CDATA[Page title is: Address Book
//////////////////////////////////////////////
]]></system-out>
    <system-err><![CDATA[Jul 31, 2025 9:01:02 PM org.openqa.selenium.devtools.CdpVersionFinder findNearestMatch
WARNING: Unable to find CDP implementation matching 138
Jul 31, 2025 9:01:02 PM org.openqa.selenium.chromium.ChromiumDriver lambda$new$5
WARNING: Unable to find version of CDP to use for 138.0.7204.170. You may need to include a dependency on a specific version of the CDP using something similar to `org.seleniumhq.selenium:selenium-devtools-v86:4.11.0` where the version ("v86") matches the version of the chromium-based browser you're using and the version number of the artifact is the same as Selenium's.
]]></system-err>
  </testcase>
  <testcase name="addressbookTest[Family, Erma, McLaughlin, Abernathy-Feest, 555 Jonelle Freeway, Apt. 941,  , Pasqualeberg, California, Canada, 99413, willette.crist@hotmail.com, roosevelt.marquardt@yahoo.com, fleta.oconner@gmail.com, Home, (231) 604-4832, Mobile, 168-139-2421, Work, (709) 950-1725, www.frank-medhurst.info, www.charles-bosco.io, www.luvenia-kemmer.biz](5)" classname="datadriven.NewTest" time="4.389">
    <system-out><![CDATA[Page title is: Address Book
//////////////////////////////////////////////
]]></system-out>
    <system-err><![CDATA[Jul 31, 2025 9:01:08 PM org.openqa.selenium.devtools.CdpVersionFinder findNearestMatch
WARNING: Unable to find CDP implementation matching 138
Jul 31, 2025 9:01:08 PM org.openqa.selenium.chromium.ChromiumDriver lambda$new$5
WARNING: Unable to find version of CDP to use for 138.0.7204.170. You may need to include a dependency on a specific version of the CDP using something similar to `org.seleniumhq.selenium:selenium-devtools-v86:4.11.0` where the version ("v86") matches the version of the chromium-based browser you're using and the version number of the artifact is the same as Selenium's.
]]></system-err>
  </testcase>
  <testcase name="addressbookTest[Family, Jewell, Balistreri, Thiel-Wunsch, 269 Ramon Way, Suite 253,  , New Robt, Nebraska, Canada, 55503, lida.deckow@gmail.com, chung.kertzmann@gmail.com, carleen.fisher@gmail.com, Home, 252.433.9757, Mobile, 744-527-3145, Work, 275.608.1569 x8621, www.meridith-dooley.com, www.gaye-robel.net, www.ilana-effertz.name](6)" classname="datadriven.NewTest" time="4.65">
    <system-out><![CDATA[Page title is: Address Book
//////////////////////////////////////////////
]]></system-out>
    <system-err><![CDATA[Jul 31, 2025 9:01:14 PM org.openqa.selenium.devtools.CdpVersionFinder findNearestMatch
WARNING: Unable to find CDP implementation matching 138
Jul 31, 2025 9:01:14 PM org.openqa.selenium.chromium.ChromiumDriver lambda$new$5
WARNING: Unable to find version of CDP to use for 138.0.7204.170. You may need to include a dependency on a specific version of the CDP using something similar to `org.seleniumhq.selenium:selenium-devtools-v86:4.11.0` where the version ("v86") matches the version of the chromium-based browser you're using and the version number of the artifact is the same as Selenium's.
]]></system-err>
  </testcase>
  <testcase name="addressbookTest[Family, Lincoln, Frami, Parisian Group, 22083 Dee Lodge, Suite 873,  , Corlissside, South Dakota, Canada, 28892-3135, tyrone.paucek@yahoo.com, stephen.heidenreich@yahoo.com, mathew.ratke@hotmail.com, Home, (898) 561-3863, Mobile, 950.790.5504, Work, 065-756-8431, www.rolanda-thiel.com, www.kayleigh-franecki.co, www.sherice-stehr.io](7)" classname="datadriven.NewTest" time="4.823">
    <system-out><![CDATA[Page title is: Address Book
//////////////////////////////////////////////
]]></system-out>
    <system-err><![CDATA[Jul 31, 2025 9:01:20 PM org.openqa.selenium.devtools.CdpVersionFinder findNearestMatch
WARNING: Unable to find CDP implementation matching 138
Jul 31, 2025 9:01:20 PM org.openqa.selenium.chromium.ChromiumDriver lambda$new$5
WARNING: Unable to find version of CDP to use for 138.0.7204.170. You may need to include a dependency on a specific version of the CDP using something similar to `org.seleniumhq.selenium:selenium-devtools-v86:4.11.0` where the version ("v86") matches the version of the chromium-based browser you're using and the version number of the artifact is the same as Selenium's.
]]></system-err>
  </testcase>
  <testcase name="addressbookTest[Family, Stanford, Block, Waelchi LLC, 63618 Brendon Squares, Apt. 683,  , Lake Steven, Missouri, Canada, 73181, cyrus.gutkowski@gmail.com, lowell.streich@yahoo.com, emory.block@yahoo.com, Home, 697-081-4550, Mobile, 524.875.5189, Work, (544) 662-0451 x577, www.trent-murazik.net, www.eugenie-waelchi.com, www.marylou-kihn.com](8)" classname="datadriven.NewTest" time="4.741">
    <system-out><![CDATA[Page title is: Address Book
//////////////////////////////////////////////
]]></system-out>
    <system-err><![CDATA[Jul 31, 2025 9:01:26 PM org.openqa.selenium.devtools.CdpVersionFinder findNearestMatch
WARNING: Unable to find CDP implementation matching 138
Jul 31, 2025 9:01:26 PM org.openqa.selenium.chromium.ChromiumDriver lambda$new$5
WARNING: Unable to find version of CDP to use for 138.0.7204.170. You may need to include a dependency on a specific version of the CDP using something similar to `org.seleniumhq.selenium:selenium-devtools-v86:4.11.0` where the version ("v86") matches the version of the chromium-based browser you're using and the version number of the artifact is the same as Selenium's.
]]></system-err>
  </testcase>
  <testcase name="addressbookTest[Family, Ariel, Keebler, Stoltenberg LLC, 79953 Bailey Divide, Apt. 790,  , North Elroy, Vermont, Canada, 68957-9612, jim.lang@yahoo.com, carry.pagac@yahoo.com, allen.pagac@hotmail.com, Home, 1-558-051-7309, Mobile, 231-624-8492, Work, 423-091-8126 x07842, www.blair-mccullough.com, www.kindra-kohler.name, www.blondell-mayer.co](9)" classname="datadriven.NewTest" time="4.722">
    <system-out><![CDATA[Page title is: Address Book
//////////////////////////////////////////////
]]></system-out>
    <system-err><![CDATA[Jul 31, 2025 9:01:32 PM org.openqa.selenium.devtools.CdpVersionFinder findNearestMatch
WARNING: Unable to find CDP implementation matching 138
Jul 31, 2025 9:01:32 PM org.openqa.selenium.chromium.ChromiumDriver lambda$new$5
WARNING: Unable to find version of CDP to use for 138.0.7204.170. You may need to include a dependency on a specific version of the CDP using something similar to `org.seleniumhq.selenium:selenium-devtools-v86:4.11.0` where the version ("v86") matches the version of the chromium-based browser you're using and the version number of the artifact is the same as Selenium's.
]]></system-err>
  </testcase>
  <testcase name="addressbookTest[Family, Everette, Waelchi, CarterOsinski and Sipes, 5074 Dibbert Bypass, Suite 863, , West Deweyborough, Ohio, Canada, 00595-8427, darlene.kilback@gmail.com, jerrold.kub@gmail.com, dean.johnson@gmail.com, Home, (182) 886-7337, Mobile, 1-320-830-5619, Work, 050.928.1674 x433, www.arden-hodkiewicz.co, www.lee-kihn.com, www.norberto-hudson.name](10)" classname="datadriven.NewTest" time="4.632">
    <system-out><![CDATA[Page title is: Address Book
//////////////////////////////////////////////
]]></system-out>
    <system-err><![CDATA[Jul 31, 2025 9:01:39 PM org.openqa.selenium.devtools.CdpVersionFinder findNearestMatch
WARNING: Unable to find CDP implementation matching 138
Jul 31, 2025 9:01:39 PM org.openqa.selenium.chromium.ChromiumDriver lambda$new$5
WARNING: Unable to find version of CDP to use for 138.0.7204.170. You may need to include a dependency on a specific version of the CDP using something similar to `org.seleniumhq.selenium:selenium-devtools-v86:4.11.0` where the version ("v86") matches the version of the chromium-based browser you're using and the version number of the artifact is the same as Selenium's.
]]></system-err>
  </testcase>
</testsuite>